2026-03-12 08:22:44, MOVE, v:1, k:ed@pintando, mode:DOWN
2026-03-12 08:22:47, MOVE, v:1, k:ed@pintando, mode:PICK
2026-03-12 08:29:36, EXEC, v:1, k:ed@pintando, mode:FULL, rate:0, size:5
2026-03-12 08:29:45, EXEC, v:1, k:ed@pintando, mode:FULL, rate:0
2026-03-12 08:30:00, EXEC, v:1, k:ed@pintando, mode:FULL, rate:0
2026-03-12 08:30:09, EXEC, v:1, k:ed@pintando, mode:FULL, rate:0
2026-03-12 08:30:14, EXEC, v:1, k:ed@pintando, mode:FREE
2026-03-12 08:31:47, EXEC, v:1, k:ed@pintando, mode:FULL, rate:0
2026-03-12 08:32:34, EXEC, v:1, k:ed@pintando, mode:FULL, rate:0, size:20
2026-03-12 08:33:03, EXEC, v:1, k:ed@pintando, mode:FULL, rate:0
2026-03-12 08:33:05, EXEC, v:1, k:ed@pintando, mode:FULL, rate:0
2026-03-12 08:33:09, EXEC, v:1, k:ed@pintando, mode:FULL, rate:0
2026-03-12 08:33:10, EXEC, v:1, k:ed@pintando, mode:FULL, rate:0
2026-03-12 08:33:10, EXEC, v:1, k:ed@pintando, mode:FULL, rate:0
2026-03-12 08:33:10, EXEC, v:1, k:ed@pintando, mode:FULL, rate:0
2026-03-12 08:33:10, EXEC, v:1, k:ed@pintando, mode:FULL, rate:0
2026-03-12 08:33:11, EXEC, v:1, k:ed@pintando, mode:FULL, rate:0
2026-03-12 08:33:11, EXEC, v:1, k:ed@pintando, mode:FULL, rate:0
2026-03-12 08:33:11, EXEC, v:1, k:ed@pintando, mode:FULL, rate:0
2026-03-12 08:33:11, EXEC, v:1, k:ed@pintando, mode:FULL, rate:0
2026-03-12 08:33:11, EXEC, v:1, k:ed@pintando, mode:FULL, rate:0
2026-03-12 08:33:11, EXEC, v:1, k:ed@pintando, mode:FULL, rate:0
2026-03-12 08:33:23, EXEC, v:1, k:ed@pintando, mode:FREE
2026-03-12 08:34:12, EXEC, v:1, k:ed@pintando, mode:FULL, rate:0, size:20
2026-03-12 08:34:19, EXEC, v:1, k:ed@pintando, mode:FULL, rate:0
2026-03-12 08:34:28, EXEC, v:1, k:ed@pintando, mode:FULL, rate:75, size:20
2026-03-12 08:35:39, EXEC, v:1, k:ed@pintando, mode:FULL, rate:75
2026-03-12 08:35:48, EXEC, v:1, k:ed@pintando, mode:FULL, size:20, fail:COMP
2026-03-12 08:35:49, EXEC, v:1, k:ed@pintando, mode:FULL, fail:COMP
2026-03-12 08:36:15, EXEC, v:1, k:ed@pintando, mode:FULL, rate:75, size:22
2026-03-12 08:36:50, EXEC, v:1, k:ed@pintando, mode:FULL, rate:100, size:22
2026-03-12 08:39:15, MOVE, v:1, k:ed@pintando, mode:BACK
